Mono path[0] = 'D:/Steam/steamapps/common/RimWorld/RimWorldWin64_Data/Managed'
Mono config path = 'D:/Steam/steamapps/common/RimWorld/MonoBleedingEdge/etc'
Initialize engine version: 2019.4.30f1 (e8c891080a1f)
[Subsystems] Discovering subsystems at path D:/Steam/steamapps/common/RimWorld/RimWorldWin64_Data/UnitySubsystems
GfxDevice: creating device client; threaded=1
Direct3D:
    Version:  Direct3D 11.0 [level 11.1]
    Renderer: NVIDIA GeForce RTX 3060 (ID=0x2504)
    Vendor:   
    VRAM:     12129 MB
    Driver:   31.0.15.2647
Begin MonoManager ReloadAssembly
- Completed reload, in  0.073 seconds
<RI> Initializing input.
<RI> Input initialized.
<RI> Initialized touch support.
UnloadTime: 0.887600 ms
Command line arguments: -savedatafolder=C:\Users\micha\AppData\LocalLow\Ludeon Studios\RimWorld by Ludeon Studios
RimWorld 1.4.3537 rev246
Save data folder overridden to C:\Users\micha\AppData\LocalLow\Ludeon Studios\RimWorld by Ludeon Studios
Tried loading mod with the same packageId multiple times: Jaxe.Bubbles. Ignoring the duplicates.
D:\Steam\steamapps\workshop\content\294100\1516158345
D:\Steam\steamapps\workshop\content\294100\2553619439 
(Filename: C:\buildslave\unity\build\Runtime/Export/Debug/Debug.bindings.h Line: 39)

Tried loading mod with the same packageId multiple times: com.yayo.yayoAni. Ignoring the duplicates.
D:\Steam\steamapps\workshop\content\294100\2877292196
D:\Steam\steamapps\workshop\content\294100\2575938407 
(Filename: C:\buildslave\unity\build\Runtime/Export/Debug/Debug.bindings.h Line: 39)

Tried loading mod with the same packageId multiple times: rimfridge.kv.rw. Ignoring the duplicates.
D:\Steam\steamapps\workshop\content\294100\2878183338
D:\Steam\steamapps\workshop\content\294100\1180721235 
(Filename: C:\buildslave\unity\build\Runtime/Export/Debug/Debug.bindings.h Line: 39)

Tried loading mod with the same packageId multiple times: moretraitslots.kv.rw. Ignoring the duplicates.
D:\Steam\steamapps\workshop\content\294100\2878346573
D:\Steam\steamapps\workshop\content\294100\1508292711 
(Filename: C:\buildslave\unity\build\Runtime/Export/Debug/Debug.bindings.h Line: 39)

Tried loading mod with the same packageId multiple times: VouLT.BetterPawnControl. Ignoring the duplicates.
D:\Steam\steamapps\workshop\content\294100\1541460369
D:\Steam\steamapps\workshop\content\294100\2879190033 
(Filename: C:\buildslave\unity\build\Runtime/Export/Debug/Debug.bindings.h Line: 39)

Mod Combat Extended - Chemical Warfare has a dependency with invalid <packageId>: com.distman.gastrap_copy 
(Filename: C:\buildslave\unity\build\Runtime/Export/Debug/Debug.bindings.h Line: 39)

Tried loading mod with the same packageId multiple times: Jaxe.Bubbles. Ignoring the duplicates.
D:\Steam\steamapps\workshop\content\294100\1516158345
D:\Steam\steamapps\workshop\content\294100\2553619439 
(Filename: C:\buildslave\unity\build\Runtime/Export/Debug/Debug.bindings.h Line: 39)

Tried loading mod with the same packageId multiple times: com.yayo.yayoAni. Ignoring the duplicates.
D:\Steam\steamapps\workshop\content\294100\2877292196
D:\Steam\steamapps\workshop\content\294100\2575938407 
(Filename: C:\buildslave\unity\build\Runtime/Export/Debug/Debug.bindings.h Line: 39)

Tried loading mod with the same packageId multiple times: rimfridge.kv.rw. Ignoring the duplicates.
D:\Steam\steamapps\workshop\content\294100\2878183338
D:\Steam\steamapps\workshop\content\294100\1180721235 
(Filename: C:\buildslave\unity\build\Runtime/Export/Debug/Debug.bindings.h Line: 39)

Tried loading mod with the same packageId multiple times: moretraitslots.kv.rw. Ignoring the duplicates.
D:\Steam\steamapps\workshop\content\294100\2878346573
D:\Steam\steamapps\workshop\content\294100\1508292711 
(Filename: C:\buildslave\unity\build\Runtime/Export/Debug/Debug.bindings.h Line: 39)

Tried loading mod with the same packageId multiple times: VouLT.BetterPawnControl. Ignoring the duplicates.
D:\Steam\steamapps\workshop\content\294100\1541460369
D:\Steam\steamapps\workshop\content\294100\2879190033 
(Filename: C:\buildslave\unity\build\Runtime/Export/Debug/Debug.bindings.h Line: 39)

Mod CE Emplacements n Stuff idk dependency (CETeam.CombatExtended) needs to have <downloadUrl> and/or <steamWorkshopUrl> specified. 
(Filename: C:\buildslave\unity\build\Runtime/Export/Debug/Debug.bindings.h Line: 39)

Fallback handler could not load library D:/Steam/steamapps/common/RimWorld/RimWorldWin64_Data/Mono/data-00000290205716A0.dll
Fallback handler could not load library D:/Steam/steamapps/common/RimWorld/RimWorldWin64_Data/Mono/data-0000028FFEC830A0.dll
Fallback handler could not load library D:/Steam/steamapps/common/RimWorld/RimWorldWin64_Data/Mono/data-00000290203E2F90.dll
Fallback handler could not load library D:/Steam/steamapps/common/RimWorld/RimWorldWin64_Data/Mono/data-000002902046FB40.dll
Fallback handler could not load library D:/Steam/steamapps/common/RimWorld/RimWorldWin64_Data/Mono/data-000002902070B6C0.dll
Fallback handler could not load library D:/Steam/steamapps/common/RimWorld/RimWorldWin64_Data/Mono/data-00000290207596E0.dll
Fallback handler could not load library D:/Steam/steamapps/common/RimWorld/RimWorldWin64_Data/Mono/data-000002902075C8F0.dll
Fallback handler could not load library D:/Steam/steamapps/common/RimWorld/RimWorldWin64_Data/Mono/data-000002902079D310.dll
Fallback handler could not load library D:/Steam/steamapps/common/RimWorld/RimWorldWin64_Data/Mono/data-00000290207AA320.dll
Fallback handler could not load library D:/Steam/steamapps/common/RimWorld/RimWorldWin64_Data/Mono/data-00000290208AE860.dll
Fallback handler could not load library D:/Steam/steamapps/common/RimWorld/RimWorldWin64_Data/Mono/data-00000290208C1C70.dll
Fallback handler could not load library D:/Steam/steamapps/common/RimWorld/RimWorldWin64_Data/Mono/data-0000029020512A70.dll
Fallback handler could not load library D:/Steam/steamapps/common/RimWorld/RimWorldWin64_Data/Mono/data-00000290208C5080.dll
Fallback handler could not load library D:/Steam/steamapps/common/RimWorld/RimWorldWin64_Data/Mono/data-00000290208CFAA0.dll
Fallback handler could not load library D:/Steam/steamapps/common/RimWorld/RimWorldWin64_Data/Mono/data-00000290208DCAC0.dll
Fallback handler could not load library D:/Steam/steamapps/common/RimWorld/RimWorldWin64_Data/Mono/data-00000290208DECD0.dll
Fallback handler could not load library D:/Steam/steamapps/common/RimWorld/RimWorldWin64_Data/Mono/data-00000290208E42E0.dll
Fallback handler could not load library D:/Steam/steamapps/common/RimWorld/RimWorldWin64_Data/Mono/data-00000290208F7B00.dll
Fallback handler could not load library D:/Steam/steamapps/common/RimWorld/RimWorldWin64_Data/Mono/data-00000290208F9F10.dll
Fallback handler could not load library D:/Steam/steamapps/common/RimWorld/RimWorldWin64_Data/Mono/data-0000029020928F60.dll
Fallback handler could not load library D:/Steam/steamapps/common/RimWorld/RimWorldWin64_Data/Mono/data-000002902092DF70.dll
Fallback handler could not load library D:/Steam/steamapps/common/RimWorld/RimWorldWin64_Data/Mono/data-0000028FD7E610B0.dll
Fallback handler could not load library D:/Steam/steamapps/common/RimWorld/RimWorldWin64_Data/Mono/data-000002902093F9A0.dll
Fallback handler could not load library D:/Steam/steamapps/common/RimWorld/RimWorldWin64_Data/Mono/data-0000029020964EB0.dll
Fallback handler could not load library D:/Steam/steamapps/common/RimWorld/RimWorldWin64_Data/Mono/data-00000290209936C0.dll
Fallback handler could not load library D:/Steam/steamapps/common/RimWorld/RimWorldWin64_Data/Mono/data-00000290209956B0.dll
Fallback handler could not load library D:/Steam/steamapps/common/RimWorld/RimWorldWin64_Data/Mono/data-0000029020998EC0.dll
Fallback handler could not load library D:/Steam/steamapps/common/RimWorld/RimWorldWin64_Data/Mono/data-00000290209B40D0.dll
Fallback handler could not load library D:/Steam/steamapps/common/RimWorld/RimWorldWin64_Data/Mono/data-00000290209CD8E0.dll
Fallback handler could not load library D:/Steam/steamapps/common/RimWorld/RimWorldWin64_Data/Mono/data-00000290209CF6F0.dll
Fallback handler could not load library D:/Steam/steamapps/common/RimWorld/RimWorldWin64_Data/Mono/data-00000290209D0D00.dll
Fallback handler could not load library D:/Steam/steamapps/common/RimWorld/RimWorldWin64_Data/Mono/data-00000290209D2310.dll
Fallback handler could not load library D:/Steam/steamapps/common/RimWorld/RimWorldWin64_Data/Mono/data-00000290209E5B20.dll
Fallback handler could not load library D:/Steam/steamapps/common/RimWorld/RimWorldWin64_Data/Mono/data-00000290209EFA50.dll
Fallback handler could not load library D:/Steam/steamapps/common/RimWorld/RimWorldWin64_Data/Mono/data-0000029020B195F0.dll
Fallback handler could not load library D:/Steam/steamapps/common/RimWorld/RimWorldWin64_Data/Mono/data-0000029020B1C200.dll
Fallback handler could not load library D:/Steam/steamapps/common/RimWorld/RimWorldWin64_Data/Mono/data-0000029020B1EE10.dll
Fallback handler could not load library D:/Steam/steamapps/common/RimWorld/RimWorldWin64_Data/Mono/data-0000029020B27420.dll
Fallback handler could not load library D:/Steam/steamapps/common/RimWorld/RimWorldWin64_Data/Mono/data-0000029020B4FB60.dll
Fallback handler could not load library D:/Steam/steamapps/common/RimWorld/RimWorldWin64_Data/Mono/data-0000029020B51D80.dll
Fallback handler could not load library D:/Steam/steamapps/common/RimWorld/RimWorldWin64_Data/Mono/data-0000029020B646C0.dll
Fallback handler could not load library D:/Steam/steamapps/common/RimWorld/RimWorldWin64_Data/Mono/data-0000029020C895F0.dll
Fallback handler could not load library D:/Steam/steamapps/common/RimWorld/RimWorldWin64_Data/Mono/data-0000029020C90200.dll
Fallback handler could not load library D:/Steam/steamapps/common/RimWorld/RimWorldWin64_Data/Mono/data-0000029020CA1230.dll
Fallback handler could not load library D:/Steam/steamapps/common/RimWorld/RimWorldWin64_Data/Mono/data-0000029025AA00A0.dll
Fallback handler could not load library D:/Steam/steamapps/common/RimWorld/RimWorldWin64_Data/Mono/data-0000029020CAB970.dll
Fallback handler could not load library D:/Steam/steamapps/common/RimWorld/RimWorldWin64_Data/Mono/data-0000029025AE42B0.dll
Fallback handler could not load library D:/Steam/steamapps/common/RimWorld/RimWorldWin64_Data/Mono/data-0000029025BDCEE0.dll
Fallback handler could not load library D:/Steam/steamapps/common/RimWorld/RimWorldWin64_Data/Mono/data-0000029020C6B210.dll
Fallback handler could not load library D:/Steam/steamapps/common/RimWorld/RimWorldWin64_Data/Mono/data-0000029025C00F20.dll
Fallback handler could not load library D:/Steam/steamapps/common/RimWorld/RimWorldWin64_Data/Mono/data-0000029025C17D40.dll
Fallback handler could not load library D:/Steam/steamapps/common/RimWorld/RimWorldWin64_Data/Mono/data-0000029025C39160.dll
Fallback handler could not load library D:/Steam/steamapps/common/RimWorld/RimWorldWin64_Data/Mono/data-0000028FFEC7A430.dll
Fallback handler could not load library D:/Steam/steamapps/common/RimWorld/RimWorldWin64_Data/Mono/data-0000029025C3C370.dll
Fallback handler could not load library D:/Steam/steamapps/common/RimWorld/RimWorldWin64_Data/Mono/data-0000029025C3F580.dll
Fallback handler could not load library D:/Steam/steamapps/common/RimWorld/RimWorldWin64_Data/Mono/data-0000029025C4AFA0.dll
Fallback handler could not load library D:/Steam/steamapps/common/RimWorld/RimWorldWin64_Data/Mono/data-0000029025C505B0.dll
Fallback handler could not load library D:/Steam/steamapps/common/RimWorld/RimWorldWin64_Data/Mono/data-0000029025D3FDD0.dll
Fallback handler could not load library D:/Steam/steamapps/common/RimWorld/RimWorldWin64_Data/Mono/data-0000029025D421E0.dll
Fallback handler could not load library D:/Steam/steamapps/common/RimWorld/RimWorldWin64_Data/Mono/data-0000029025D69200.dll
Fallback handler could not load library D:/Steam/steamapps/common/RimWorld/RimWorldWin64_Data/Mono/data-0000029025D82620.dll
Fallback handler could not load library D:/Steam/steamapps/common/RimWorld/RimWorldWin64_Data/Mono/data-0000029025D84230.dll
Fallback handler could not load library D:/Steam/steamapps/common/RimWorld/RimWorldWin64_Data/Mono/data-0000028FD7E6D0E0.dll
Fallback handler could not load library D:/Steam/steamapps/common/RimWorld/RimWorldWin64_Data/Mono/data-0000029025D89440.dll
Fallback handler could not load library D:/Steam/steamapps/common/RimWorld/RimWorldWin64_Data/Mono/data-0000029025DCFD60.dll
Fallback handler could not load library D:/Steam/steamapps/common/RimWorld/RimWorldWin64_Data/Mono/data-0000029025DD3F80.dll
Fallback handler could not load library D:/Steam/steamapps/common/RimWorld/RimWorldWin64_Data/Mono/data-0000029025DD5790.dll
Fallback handler could not load library D:/Steam/steamapps/common/RimWorld/RimWorldWin64_Data/Mono/data-0000029025DFADA0.dll
Fallback handler could not load library D:/Steam/steamapps/common/RimWorld/RimWorldWin64_Data/Mono/data-0000029025E035B0.dll
Fallback handler could not load library D:/Steam/steamapps/common/RimWorld/RimWorldWin64_Data/Mono/data-0000029025E059C0.dll
Fallback handler could not load library D:/Steam/steamapps/common/RimWorld/RimWorldWin64_Data/Mono/data-0000029025E0C7E0.dll
Fallback handler could not load library D:/Steam/steamapps/common/RimWorld/RimWorldWin64_Data/Mono/data-0000029025E3A600.dll
Fallback handler could not load library D:/Steam/steamapps/common/RimWorld/RimWorldWin64_Data/Mono/data-0000029025E50220.dll
Fallback handler could not load library D:/Steam/steamapps/common/RimWorld/RimWorldWin64_Data/Mono/data-0000029025E53C30.dll
Fallback handler could not load library D:/Steam/steamapps/common/RimWorld/RimWorldWin64_Data/Mono/data-0000029025F3E070.dll
Fallback handler could not load library D:/Steam/steamapps/common/RimWorld/RimWorldWin64_Data/Mono/data-0000029026060FD0.dll
Fallback handler could not load library D:/Steam/steamapps/common/RimWorld/RimWorldWin64_Data/Mono/data-000002902606EBE0.dll
Fallback handler could not load library D:/Steam/steamapps/common/RimWorld/RimWorldWin64_Data/Mono/data-00000290260781F0.dll
Fallback handler could not load library D:/Steam/steamapps/common/RimWorld/RimWorldWin64_Data/Mono/data-000002902607D800.dll
Fallback handler could not load library D:/Steam/steamapps/common/RimWorld/RimWorldWin64_Data/Mono/data-0000029026085810.dll
Fallback handler could not load library D:/Steam/steamapps/common/RimWorld/RimWorldWin64_Data/Mono/data-0000028FFEC7E060.dll
Fallback handler could not load library D:/Steam/steamapps/common/RimWorld/RimWorldWin64_Data/Mono/data-0000029026087E30.dll
Fallback handler could not load library D:/Steam/steamapps/common/RimWorld/RimWorldWin64_Data/Mono/data-000002902608D240.dll
Fallback handler could not load library D:/Steam/steamapps/common/RimWorld/RimWorldWin64_Data/Mono/data-0000028FFEC844B0.dll
Fallback handler could not load library D:/Steam/steamapps/common/RimWorld/RimWorldWin64_Data/Mono/data-00000290260BD310.dll
Fallback handler could not load library D:/Steam/steamapps/common/RimWorld/RimWorldWin64_Data/Mono/data-00000290260F5020.dll
Fallback handler could not load library D:/Steam/steamapps/common/RimWorld/RimWorldWin64_Data/Mono/data-00000290260FC440.dll
Fallback handler could not load library D:/Steam/steamapps/common/RimWorld/RimWorldWin64_Data/Mono/data-0000029026104430.dll
Fallback handler could not load library D:/Steam/steamapps/common/RimWorld/RimWorldWin64_Data/Mono/data-0000029026106A40.dll
Fallback handler could not load library D:/Steam/steamapps/common/RimWorld/RimWorldWin64_Data/Mono/data-000002902612F870.dll
Fallback handler could not load library D:/Steam/steamapps/common/RimWorld/RimWorldWin64_Data/Mono/data-000002902615B490.dll
Fallback handler could not load library D:/Steam/steamapps/common/RimWorld/RimWorldWin64_Data/Mono/data-000002902616DEA0.dll
Fallback handler could not load library D:/Steam/steamapps/common/RimWorld/RimWorldWin64_Data/Mono/data-000002902617B6C0.dll
Fallback handler could not load library D:/Steam/steamapps/common/RimWorld/RimWorldWin64_Data/Mono/data-0000029026187EC0.dll
Fallback handler could not load library D:/Steam/steamapps/common/RimWorld/RimWorldWin64_Data/Mono/data-000002902618EEE0.dll
Fallback handler could not load library D:/Steam/steamapps/common/RimWorld/RimWorldWin64_Data/Mono/data-00000290261906F0.dll
Fallback handler could not load library D:/Steam/steamapps/common/RimWorld/RimWorldWin64_Data/Mono/data-0000029026192100.dll
Fallback handler could not load library D:/Steam/steamapps/common/RimWorld/RimWorldWin64_Data/Mono/data-00000290260B72E0.dll
Fallback handler could not load library D:/Steam/steamapps/common/RimWorld/RimWorldWin64_Data/Mono/data-0000029026198D10.dll
Fallback handler could not load library D:/Steam/steamapps/common/RimWorld/RimWorldWin64_Data/Mono/data-000002902619A520.dll
Fallback handler could not load library D:/Steam/steamapps/common/RimWorld/RimWorldWin64_Data/Mono/data-000002902619F530.dll
Fallback handler could not load library D:/Steam/steamapps/common/RimWorld/RimWorldWin64_Data/Mono/data-0000028FFEC7B840.dll
Fallback handler could not load library D:/Steam/steamapps/common/RimWorld/RimWorldWin64_Data/Mono/data-00000290261A1140.dll
Fallback handler could not load library D:/Steam/steamapps/common/RimWorld/RimWorldWin64_Data/Mono/data-00000290261A3350.dll
Fallback handler could not load library D:/Steam/steamapps/common/RimWorld/RimWorldWin64_Data/Mono/data-00000290261AC960.dll
Fallback handler could not load library D:/Steam/steamapps/common/RimWorld/RimWorldWin64_Data/Mono/data-00000290261B0D80.dll
Fallback handler could not load library D:/Steam/steamapps/common/RimWorld/RimWorldWin64_Data/Mono/data-00000290260B32C0.dll
Fallback handler could not load library D:/Steam/steamapps/common/RimWorld/RimWorldWin64_Data/Mono/data-00000290262AFDC0.dll
Fallback handler could not load library D:/Steam/steamapps/common/RimWorld/RimWorldWin64_Data/Mono/data-0000029026386DF0.dll
Fallback handler could not load library D:/Steam/steamapps/common/RimWorld/RimWorldWin64_Data/Mono/data-000002902647A430.dll
Fallback handler could not load library D:/Steam/steamapps/common/RimWorld/RimWorldWin64_Data/Mono/data-0000029026482440.dll
Fallback handler could not load library D:/Steam/steamapps/common/RimWorld/RimWorldWin64_Data/Mono/data-0000029026495E50.dll
Fallback handler could not load library D:/Steam/steamapps/common/RimWorld/RimWorldWin64_Data/Mono/data-000002902649A260.dll
Fallback handler could not load library D:/Steam/steamapps/common/RimWorld/RimWorldWin64_Data/Mono/data-000002902649C670.dll
Fallback handler could not load library D:/Steam/steamapps/common/RimWorld/RimWorldWin64_Data/Mono/data-00000290264B4EA0.dll
Fallback handler could not load library D:/Steam/steamapps/common/RimWorld/RimWorldWin64_Data/Mono/data-00000290264B72B0.dll
Fallback handler could not load library D:/Steam/steamapps/common/RimWorld/RimWorldWin64_Data/Mono/data-00000290264F0AD0.dll
Fallback handler could not load library D:/Steam/steamapps/common/RimWorld/RimWorldWin64_Data/Mono/data-00000290264F62F0.dll
Fallback handler could not load library D:/Steam/steamapps/common/RimWorld/RimWorldWin64_Data/Mono/data-00000290264F7500.dll
Fallback handler could not load library D:/Steam/steamapps/common/RimWorld/RimWorldWin64_Data/Mono/data-0000029026500B10.dll
Fallback handler could not load library D:/Steam/steamapps/common/RimWorld/RimWorldWin64_Data/Mono/data-0000029026503D00.dll
Fallback handler could not load library D:/Steam/steamapps/common/RimWorld/RimWorldWin64_Data/Mono/data-0000029026505510.dll
Fallback handler could not load library D:/Steam/steamapps/common/RimWorld/RimWorldWin64_Data/Mono/data-0000029026513B30.dll
Fallback handler could not load library D:/Steam/steamapps/common/RimWorld/RimWorldWin64_Data/Mono/data-00000290266348A0.dll
Fallback handler could not load library D:/Steam/steamapps/common/RimWorld/RimWorldWin64_Data/Mono/data-000002902665A3D0.dll
Fallback handler could not load library D:/Steam/steamapps/common/RimWorld/RimWorldWin64_Data/Mono/data-00000290266631E0.dll
Fallback handler could not load library D:/Steam/steamapps/common/RimWorld/RimWorldWin64_Data/Mono/data-00000290266665D0.dll
Fallback handler could not load library D:/Steam/steamapps/common/RimWorld/RimWorldWin64_Data/Mono/data-000002902666BDE0.dll
Fallback handler could not load library D:/Steam/steamapps/common/RimWorld/RimWorldWin64_Data/Mono/data-0000029026675DF0.dll
Fallback handler could not load library D:/Steam/steamapps/common/RimWorld/RimWorldWin64_Data/Mono/data-0000029026678A00.dll
Fallback handler could not load library D:/Steam/steamapps/common/RimWorld/RimWorldWin64_Data/Mono/data-0000029026772020.dll
Fallback handler could not load library D:/Steam/steamapps/common/RimWorld/RimWorldWin64_Data/Mono/data-00000290260E3440.dll
Fallback handler could not load library D:/Steam/steamapps/common/RimWorld/RimWorldWin64_Data/Mono/data-000002902677F240.dll
Fallback handler could not load library D:/Steam/steamapps/common/RimWorld/RimWorldWin64_Data/Mono/data-0000029026783650.dll
Fallback handler could not load library D:/Steam/steamapps/common/RimWorld/RimWorldWin64_Data/Mono/data-0000029026797E70.dll
Fallback handler could not load library D:/Steam/steamapps/common/RimWorld/RimWorldWin64_Data/Mono/data-000002902679DE80.dll
Fallback handler could not load library D:/Steam/steamapps/common/RimWorld/RimWorldWin64_Data/Mono/data-00000290267E3BD0.dll
Fallback handler could not load library D:/Steam/steamapps/common/RimWorld/RimWorldWin64_Data/Mono/data-00000290268CB600.dll
Fallback handler could not load library D:/Steam/steamapps/common/RimWorld/RimWorldWin64_Data/Mono/data-0000028FD7E81130.dll
Fallback handler could not load library D:/Steam/steamapps/common/RimWorld/RimWorldWin64_Data/Mono/data-000002902697C010.dll
Fallback handler could not load library D:/Steam/steamapps/common/RimWorld/RimWorldWin64_Data/Mono/data-0000029026A60080.dll
Fallback handler could not load library D:/Steam/steamapps/common/RimWorld/RimWorldWin64_Data/Mono/data-0000029026A3B440.dll
Fallback handler could not load library D:/Steam/steamapps/common/RimWorld/RimWorldWin64_Data/Mono/data-0000029026A3CE50.dll
Fallback handler could not load library D:/Steam/steamapps/common/RimWorld/RimWorldWin64_Data/Mono/data-0000029026A5A470.dll
Fallback handler could not load library D:/Steam/steamapps/common/RimWorld/RimWorldWin64_Data/Mono/data-0000029026AC14A0.dll
Fallback handler could not load library D:/Steam/steamapps/common/RimWorld/RimWorldWin64_Data/Mono/data-0000029026AC3AB0.dll
Fallback handler could not load library D:/Steam/steamapps/common/RimWorld/RimWorldWin64_Data/Mono/data-0000029026AC9320.dll
Fallback handler could not load library D:/Steam/steamapps/common/RimWorld/RimWorldWin64_Data/Mono/data-0000029026AE6AD0.dll
Fallback handler could not load library D:/Steam/steamapps/common/RimWorld/RimWorldWin64_Data/Mono/data-0000029026B17100.dll
Fallback handler could not load library D:/Steam/steamapps/common/RimWorld/RimWorldWin64_Data/Mono/data-0000029026B4B120.dll
Fallback handler could not load library D:/Steam/steamapps/common/RimWorld/RimWorldWin64_Data/Mono/data-0000029026B5DD40.dll
Fallback handler could not load library D:/Steam/steamapps/common/RimWorld/RimWorldWin64_Data/Mono/data-0000029026B5FF50.dll
Fallback handler could not load library D:/Steam/steamapps/common/RimWorld/RimWorldWin64_Data/Mono/data-0000029026BB9010.dll
Fallback handler could not load library D:/Steam/steamapps/common/RimWorld/RimWorldWin64_Data/Mono/data-0000029026BD5220.dll
Fallback handler could not load library D:/Steam/steamapps/common/RimWorld/RimWorldWin64_Data/Mono/data-0000029026BE3E40.dll
Fallback handler could not load library D:/Steam/steamapps/common/RimWorld/RimWorldWin64_Data/Mono/data-0000029026BEC650.dll
Fallback handler could not load library D:/Steam/steamapps/common/RimWorld/RimWorldWin64_Data/Mono/data-0000029026D0F290.dll
Fallback handler could not load library D:/Steam/steamapps/common/RimWorld/RimWorldWin64_Data/Mono/data-0000029026D4B4B0.dll
Fallback handler could not load library D:/Steam/steamapps/common/RimWorld/RimWorldWin64_Data/Mono/data-0000029026D4D6C0.dll
Fallback handler could not load library D:/Steam/steamapps/common/RimWorld/RimWorldWin64_Data/Mono/data-0000029026D4F0D0.dll
Fallback handler could not load library D:/Steam/steamapps/common/RimWorld/RimWorldWin64_Data/Mono/data-0000029026D7CEE0.dll
Fallback handler could not load library D:/Steam/steamapps/common/RimWorld/RimWorldWin64_Data/Mono/data-0000029026AD0B50.dll
Fallback handler could not load library D:/Steam/steamapps/common/RimWorld/RimWorldWin64_Data/Mono/data-0000029026D83900.dll
Fallback handler could not load library D:/Steam/steamapps/common/RimWorld/RimWorldWin64_Data/Mono/data-0000029026D86F10.dll
Fallback handler could not load library D:/Steam/steamapps/common/RimWorld/RimWorldWin64_Data/Mono/data-0000029026D8C520.dll
Fallback handler could not load library D:/Steam/steamapps/common/RimWorld/RimWorldWin64_Data/Mono/data-0000029026E44F40.dll
Fallback handler could not load library D:/Steam/steamapps/common/RimWorld/RimWorldWin64_Data/Mono/data-0000029026E47350.dll
Fallback handler could not load library D:/Steam/steamapps/common/RimWorld/RimWorldWin64_Data/Mono/data-0000029026E48B60.dll
Fallback handler could not load library D:/Steam/steamapps/common/RimWorld/RimWorldWin64_Data/Mono/data-0000029026E50B70.dll
Fallback handler could not load library D:/Steam/steamapps/common/RimWorld/RimWorldWin64_Data/Mono/data-0000029026E51D80.dll
Fallback handler could not load library D:/Steam/steamapps/common/RimWorld/RimWorldWin64_Data/Mono/data-0000029026B9B4D0.dll
Fallback handler could not load library D:/Steam/steamapps/common/RimWorld/RimWorldWin64_Data/Mono/data-0000029026E6F9A0.dll
Fallback handler could not load library D:/Steam/steamapps/common/RimWorld/RimWorldWin64_Data/Mono/data-0000029026E72DB0.dll
Fallback handler could not load library D:/Steam/steamapps/common/RimWorld/RimWorldWin64_Data/Mono/data-0000029026E847E0.dll
Fallback handler could not load library D:/Steam/steamapps/common/RimWorld/RimWorldWin64_Data/Mono/data-0000029026E8A3F0.dll
Fallback handler could not load library D:/Steam/steamapps/common/RimWorld/RimWorldWin64_Data/Mono/data-0000029026EA8E10.dll
Fallback handler could not load library D:/Steam/steamapps/common/RimWorld/RimWorldWin64_Data/Mono/data-0000029026F78430.dll
Fallback handler could not load library D:/Steam/steamapps/common/RimWorld/RimWorldWin64_Data/Mono/data-000002902704A260.dll
Fallback handler could not load library D:/Steam/steamapps/common/RimWorld/RimWorldWin64_Data/Mono/data-00000290270FFA90.dll
Fallback handler could not load library D:/Steam/steamapps/common/RimWorld/RimWorldWin64_Data/Mono/data-000002902710C2A0.dll
Fallback handler could not load library D:/Steam/steamapps/common/RimWorld/RimWorldWin64_Data/Mono/data-00000290271126B0.dll
Fallback handler could not load library D:/Steam/steamapps/common/RimWorld/RimWorldWin64_Data/Mono/data-0000029027130ED0.dll
Fallback handler could not load library D:/Steam/steamapps/common/RimWorld/RimWorldWin64_Data/Mono/data-0000029027132CE0.dll
Fallback handler could not load library D:/Steam/steamapps/common/RimWorld/RimWorldWin64_Data/Mono/data-000002902716A010.dll
Fallback handler could not load library D:/Steam/steamapps/common/RimWorld/RimWorldWin64_Data/Mono/data-0000029027171C20.dll
Fallback handler could not load library D:/Steam/steamapps/common/RimWorld/RimWorldWin64_Data/Mono/data-0000029027188010.dll
Fallback handler could not load library D:/Steam/steamapps/common/RimWorld/RimWorldWin64_Data/Mono/data-0000029027190C30.dll
Fallback handler could not load library D:/Steam/steamapps/common/RimWorld/RimWorldWin64_Data/Mono/data-000002902719AE40.dll
Fallback handler could not load library D:/Steam/steamapps/common/RimWorld/RimWorldWin64_Data/Mono/data-000002902719D850.dll
Fallback handler could not load library D:/Steam/steamapps/common/RimWorld/RimWorldWin64_Data/Mono/data-0000028FFEC8BD10.dll
Fallback handler could not load library D:/Steam/steamapps/common/RimWorld/RimWorldWin64_Data/Mono/data-000002902719F660.dll
Fallback handler could not load library D:/Steam/steamapps/common/RimWorld/RimWorldWin64_Data/Mono/data-00000290271B1880.dll
Fallback handler could not load library D:/Steam/steamapps/common/RimWorld/RimWorldWin64_Data/Mono/data-00000290271BE070.dll
Fallback handler could not load library D:/Steam/steamapps/common/RimWorld/RimWorldWin64_Data/Mono/data-00000290271C4A90.dll
Fallback handler could not load library D:/Steam/steamapps/common/RimWorld/RimWorldWin64_Data/Mono/data-0000029026BA5520.dll
Fallback handler could not load library D:/Steam/steamapps/common/RimWorld/RimWorldWin64_Data/Mono/data-00000290271ED0B0.dll
Fallback handler could not load library D:/Steam/steamapps/common/RimWorld/RimWorldWin64_Data/Mono/data-000002902720E6D0.dll
Fallback handler could not load library D:/Steam/steamapps/common/RimWorld/RimWorldWin64_Data/Mono/data-0000028FFEC894F0.dll
Fallback handler could not load library D:/Steam/steamapps/common/RimWorld/RimWorldWin64_Data/Mono/data-00000290272122E0.dll
Fallback handler could not load library D:/Steam/steamapps/common/RimWorld/RimWorldWin64_Data/Mono/data-0000029027254B10.dll
Fallback handler could not load library D:/Steam/steamapps/common/RimWorld/RimWorldWin64_Data/Mono/data-0000029027349D50.dll
Fallback handler could not load library D:/Steam/steamapps/common/RimWorld/RimWorldWin64_Data/Mono/data-00000290273C2EB0.dll
Fallback handler could not load library D:/Steam/steamapps/common/RimWorld/RimWorldWin64_Data/Mono/data-000002902758C440.dll
Fallback handler could not load library D:/Steam/steamapps/common/RimWorld/RimWorldWin64_Data/Mono/data-00000290275962E0.dll
Fallback handler could not load library D:/Steam/steamapps/common/RimWorld/RimWorldWin64_Data/Mono/data-000002902759ACF0.dll
Fallback handler could not load library D:/Steam/steamapps/common/RimWorld/RimWorldWin64_Data/Mono/data-00000290275A0100.dll
Fallback handler could not load library D:/Steam/steamapps/common/RimWorld/RimWorldWin64_Data/Mono/data-00000290275A9D10.dll
Fallback handler could not load library D:/Steam/steamapps/common/RimWorld/RimWorldWin64_Data/Mono/data-0000028FD7E710F0.dll
Fallback handler could not load library D:/Steam/steamapps/common/RimWorld/RimWorldWin64_Data/Mono/data-00000290275B6730.dll
Fallback handler could not load library D:/Steam/steamapps/common/RimWorld/RimWorldWin64_Data/Mono/data-00000290275C1940.dll
Fallback handler could not load library D:/Steam/steamapps/common/RimWorld/RimWorldWin64_Data/Mono/data-0000029027622D60.dll
Fallback handler could not load library D:/Steam/steamapps/common/RimWorld/RimWorldWin64_Data/Mono/data-000002902762E570.dll
Fallback handler could not load library D:/Steam/steamapps/common/RimWorld/RimWorldWin64_Data/Mono/data-0000029027635D80.dll
Fallback handler could not load library D:/Steam/steamapps/common/RimWorld/RimWorldWin64_Data/Mono/data-000002902763BFA0.dll
Fallback handler could not load library D:/Steam/steamapps/common/RimWorld/RimWorldWin64_Data/Mono/data-0000029027653DC0.dll
Fallback handler could not load library D:/Steam/steamapps/common/RimWorld/RimWorldWin64_Data/Mono/data-00000290276571B0.dll
Fallback handler could not load library D:/Steam/steamapps/common/RimWorld/RimWorldWin64_Data/Mono/data-000002902765E3C0.dll
Fallback handler could not load library D:/Steam/steamapps/common/RimWorld/RimWorldWin64_Data/Mono/data-00000290276811F0.dll
Fallback handler could not load library D:/Steam/steamapps/common/RimWorld/RimWorldWin64_Data/Mono/data-0000029027687A00.dll
Fallback handler could not load library D:/Steam/steamapps/common/RimWorld/RimWorldWin64_Data/Mono/data-0000029027690210.dll
Fallback handler could not load library D:/Steam/steamapps/common/RimWorld/RimWorldWin64_Data/Mono/data-00000290276A1630.dll
Fallback handler could not load library D:/Steam/steamapps/common/RimWorld/RimWorldWin64_Data/Mono/data-00000290276A6040.dll
Fallback handler could not load library D:/Steam/steamapps/common/RimWorld/RimWorldWin64_Data/Mono/data-00000290276C1A60.dll
Fallback handler could not load library D:/Steam/steamapps/common/RimWorld/RimWorldWin64_Data/Mono/data-00000290276CDC70.dll
Fallback handler could not load library D:/Steam/steamapps/common/RimWorld/RimWorldWin64_Data/Mono/data-00000290276DF890.dll
Fallback handler could not load library D:/Steam/steamapps/common/RimWorld/RimWorldWin64_Data/Mono/data-0000029027769010.dll
Fallback handler could not load library D:/Steam/steamapps/common/RimWorld/RimWorldWin64_Data/Mono/data-000002902776B620.dll
Fallback handler could not load library D:/Steam/steamapps/common/RimWorld/RimWorldWin64_Data/Mono/data-0000029027847E50.dll
Fallback handler could not load library D:/Steam/steamapps/common/RimWorld/RimWorldWin64_Data/Mono/data-0000029027868870.dll
Fallback handler could not load library D:/Steam/steamapps/common/RimWorld/RimWorldWin64_Data/Mono/data-0000029027920C90.dll
Fallback handler could not load library D:/Steam/steamapps/common/RimWorld/RimWorldWin64_Data/Mono/data-00000290279242A0.dll
Fallback handler could not load library D:/Steam/steamapps/common/RimWorld/RimWorldWin64_Data/Mono/data-00000290279536C0.dll
Fallback handler could not load library D:/Steam/steamapps/common/RimWorld/RimWorldWin64_Data/Mono/data-000002902795BAE0.dll
Fallback handler could not load library D:/Steam/steamapps/common/RimWorld/RimWorldWin64_Data/Mono/data-0000029027BE2E80.dll
Fallback handler could not load library D:/Steam/steamapps/common/RimWorld/RimWorldWin64_Data/Mono/data-0000029027F2A100.dll
[HugsLib] version 10.0.1
Fallback handler could not load library D:/Steam/steamapps/common/RimWorld/RimWorldWin64_Data/Mono/data-0000028FFE787990.dll
[HugsLib] early-initializing AllowTool
Combat Extended :: Checking Better Turrets
Combat Extended :: Loading D:\Steam\steamapps\common\RimWorld\Mods\CombatExtended\AssembliesCompat\ArtilleryCompat.dll
Fallback handler could not load library D:/Steam/steamapps/common/RimWorld/RimWorldWin64_Data/Mono/data-000002908DF26020.dll
Checking Multiplayer Compat
Combat Extended :: Checking Misc Turrets
Error while instantiating a mod of type CombatExtended.Loader.Loader: System.Reflection.TargetInvocationException: Exception has been thrown by the target of an invocation. ---> HarmonyLib.HarmonyException: Patching exception in method static UnityEngine.Mesh CombatExtended.HarmonyCE.Harmony_PawnRenderer::GetHeadMesh(Verse.PawnRenderFlags renderFlags, Verse.Pawn pawn, Verse.Rot4 headFacing, Verse.PawnGraphicSet graphics) ---> System.Exception: Wrong null argument: call NULL
  at HarmonyLib.MethodBodyReader+<>c__DisplayClass24_0.<FinalizeILCodes>b__2 (HarmonyLib.CodeInstruction codeInstruction) [0x0015f] in <255414689d344b1385ae719f6cce8c55>:0 
  at HarmonyLib.CollectionExtensions.Do[T] (System.Collections.Generic.IEnumerable`1[T] sequence, System.Action`1[T] action) [0x00014] in <255414689d344b1385ae719f6cce8c55>:0 
  at HarmonyLib.MethodBodyReader.FinalizeILCodes (HarmonyLib.Emitter emitter, System.Collections.Generic.List`1[T] transpilers, System.Collections.Generic.List`1[T] endLabels, System.Boolean& hasReturnCode) [0x00203] in <255414689d344b1385ae719f6cce8c55>:0 
  at HarmonyLib.MethodCopier.Finalize (HarmonyLib.Emitter emitter, System.Collections.Generic.List`1[T] endLabels, System.Boolean& hasReturnCode) [0x00000] in <255414689d344b1385ae719f6cce8c55>:0 
  at HarmonyLib.MethodPatcher.CreateReplacement (System.Collections.Generic.Dictionary`2[System.Int32,HarmonyLib.CodeInstruction]& finalInstructions) [0x002be] in <255414689d344b1385ae719f6cce8c55>:0 
  at HarmonyLib.PatchFunctions.UpdateWrapper (System.Reflection.MethodBase original, HarmonyLib.PatchInfo patchInfo) [0x00057] in <255414689d344b1385ae719f6cce8c55>:0 
  at HarmonyLib.PatchClassProcessor.ProcessPatchJob (HarmonyLib.PatchJobs`1+Job[T] job) [0x000bb] in <255414689d344b1385ae719f6cce8c55>:0 
   --- End of inner exception stack trace ---
  at HarmonyLib.PatchClassProcessor.ReportException (System.Exception exception, System.Reflection.MethodBase original) [0x0010f] in <255414689d344b1385ae719f6cce8c55>:0 
  at HarmonyLib.PatchClassProcessor.Patch () [0x00093] in <255414689d344b1385ae719f6cce8c55>:0 
  at HarmonyLib.Harmony.<PatchAll>b__10_0 (System.Type type) [0x00007] in <255414689d344b1385ae719f6cce8c55>:0 
  at HarmonyLib.CollectionExtensions.Do[T] (System.Collections.Generic.IEnumerable`1[T] sequence, System.Action`1[T] action) [0x00014] in <255414689d344b1385ae719f6cce8c55>:0 
  at HarmonyLib.Harmony.PatchAll (System.Reflection.Assembly assembly) [0x00006] in <255414689d344b1385ae719f6cce8c55>:0 
  at CombatExtended.HarmonyCE.HarmonyBase.InitPatches () [0x0000b] in <911b9c73649b4f27bb5d0e02400f7acc>:0 
  at CombatExtended.Controller.PostLoad (Verse.ModContentPack content, CombatExtended.Loader.ISettingsCE settings) [0x00018] in <911b9c73649b4f27bb5d0e02400f7acc>:0 
  at CombatExtended.Loader.Loader..ctor (Verse.ModContentPack content) [0x002aa] in <aafec975e8e649878d6f932cac0ac630>:0 
  at (wrapper managed-to-native) System.Reflection.MonoCMethod.InternalInvoke(System.Reflection.MonoCMethod,object,object[],System.Exception&)
  at System.Reflection.MonoCMethod.InternalInvoke (System.Object obj, System.Object[] parameters) [0x00002] in <eae584ce26bc40229c1b1aa476bfa589>:0 
   --- End of inner exception stack trace ---
  at System.Reflection.MonoCMethod.InternalInvoke (System.Object obj, System.Object[] parameters) [0x00014] in <eae584ce26bc40229c1b1aa476bfa589>:0 
  at System.Reflection.MonoCMethod.DoInvoke (System.Object obj, System.Reflection.BindingFlags invokeAttr, System.Reflection.Binder binder, System.Object[] parameters, System.Globalization.CultureInfo culture) [0x0007a] in <eae584ce26bc40229c1b1aa476bfa589>:0 
  at System.Reflection.MonoCMethod.Invoke (System.Reflection.BindingFlags invokeAttr, System.Reflection.Binder binder, System.Object[] parameters, System.Globalization.CultureInfo culture) [0x00000] in <eae584ce26bc40229c1b1aa476bfa589>:0 
  at System.RuntimeType.CreateInstanceImpl (System.Reflection.BindingFlags bindingAttr, System.Reflection.Binder binder, System.Object[] args, System.Globalization.CultureInfo culture, System.Object[] activationAttributes, System.Threading.StackCrawlMark& stackMark) [0x00213] in <eae584ce26bc40229c1b1aa476bfa589>:0 
  at System.Activator.CreateInstance (System.Type type, System.Reflection.BindingFlags bindingAttr, System.Reflection.Binder binder, System.Object[] args, System.Globalization.CultureInfo culture, System.Object[] activationAttributes) [0x00095] in <eae584ce26bc40229c1b1aa476bfa589>:0 
  at System.Activator.CreateInstance (System.Type type, System.Object[] args) [0x00000] in <eae584ce26bc40229c1b1aa476bfa589>:0 
  at StartupImpact.ModConstructor.Create () [0x00079] in <844a17ebd71c4d8bb5a7958aa41b3802>:0  
(Filename: C:\buildslave\unity\build\Runtime/Export/Debug/Debug.bindings.h Line: 39)

Fallback handler could not load library D:/Steam/steamapps/common/RimWorld/RimWorldWin64_Data/Mono/data-000002908E0CB010.dll
Fallback handler could not load library D:/Steam/steamapps/common/RimWorld/RimWorldWin64_Data/Mono/data-000002908E06F040.dll
Fallback handler could not load library D:/Steam/steamapps/common/RimWorld/RimWorldWin64_Data/Mono/data-000002908ECC6010.dll
Fallback handler could not load library D:/Steam/steamapps/common/RimWorld/RimWorldWin64_Data/Mono/data-000002908E2900B0.dll
Fallback handler could not load library D:/Steam/steamapps/common/RimWorld/RimWorldWin64_Data/Mono/data-000002908E157050.dll
Fallback handler could not load library D:/Steam/steamapps/common/RimWorld/RimWorldWin64_Data/Mono/data-000002908E093010.dll
DubsMintMenus v1.3.995
Dubs Mint Minimap 1.3.787
[GFM] Camera+ found
Rimefeller 1.2.1220
dubwise.dubsbadhygiene 3.0.2225
[StockpileLimit] Patched
[VanillaAchievementsExpanded] version 1.4.8315
Rimatomics 1.7.2500
Loaded What's That Mod.
Fallback handler could not load library D:/Steam/steamapps/common/RimWorld/RimWorldWin64_Data/Mono/data-000002908ED9BF80.dll
Fallback handler could not load library D:/Steam/steamapps/common/RimWorld/RimWorldWin64_Data/Mono/data-000002908EE1EED0.dll
Fallback handler could not load library D:/Steam/steamapps/common/RimWorld/RimWorldWin64_Data/Mono/data-000002908EDDDFD0.dll
Fallback handler could not load library D:/Steam/steamapps/common/RimWorld/RimWorldWin64_Data/Mono/data-000002908EDE77E0.dll
<color=orange>ROCKETMAN</color>: Loaded <color=red>Proton, Version=1.0.0.0, Culture=neutral, PublicKeyToken=null</color>
<color=orange>ROCKETMAN</color>: Loaded <color=red>Soyuz, Version=1.0.0.0, Culture=neutral, PublicKeyToken=null</color>
<color=orange>ROCKETMAN:</color> Version 0.6.3.2402
R is 2.3=21, 8.9=241 4.5=69
SOYUZ: Created _transformationCache
Combat Extended :: Checking Better Turrets
Combat Extended :: Loading D:\Steam\steamapps\common\RimWorld\Mods\CombatExtended\AssembliesCompat\ArtilleryCompat.dll
Checking Multiplayer Compat
Combat Extended :: Checking Misc Turrets
CE failed to transpile DamageWorker_AddInjury: could not identify armor block start 
(Filename: C:\buildslave\unity\build\Runtime/Export/Debug/Debug.bindings.h Line: 39)

Error while instantiating a mod of type CombatExtended.Loader.Loader: System.Reflection.TargetInvocationException: Exception has been thrown by the target of an invocation. ---> HarmonyLib.HarmonyException: Patching exception in method System.Void Verse.AI.AvoidGrid::PrintAvoidGridAroundTurret(RimWorld.Building_TurretGun tur) ---> System.InvalidCastException: Specified cast is not valid.
  at CombatExtended.HarmonyCE.Harmony_AvoidGrid_PrintAvoidGridAroundTurret+<Transpiler>d__0.MoveNext () [0x0006d] in <911b9c73649b4f27bb5d0e02400f7acc>:0 
  at System.Collections.Generic.List`1[T]..ctor (System.Collections.Generic.IEnumerable`1[T] collection) [0x00077] in <eae584ce26bc40229c1b1aa476bfa589>:0 
  at System.Linq.Enumerable.ToList[TSource] (System.Collections.Generic.IEnumerable`1[T] source) [0x00018] in <351e49e2a5bf4fd6beabb458ce2255f3>:0 
  at HarmonyLib.CodeTranspiler.GetResult (System.Reflection.Emit.ILGenerator generator, System.Reflection.MethodBase method) [0x00051] in <255414689d344b1385ae719f6cce8c55>:0 
  at HarmonyLib.MethodBodyReader.FinalizeILCodes (HarmonyLib.Emitter emitter, System.Collections.Generic.List`1[T] transpilers, System.Collections.Generic.List`1[T] endLabels, System.Boolean& hasReturnCode) [0x0014a] in <255414689d344b1385ae719f6cce8c55>:0 
  at HarmonyLib.MethodCopier.Finalize (HarmonyLib.Emitter emitter, System.Collections.Generic.List`1[T] endLabels, System.Boolean& hasReturnCode) [0x00000] in <255414689d344b1385ae719f6cce8c55>:0 
  at HarmonyLib.MethodPatcher.CreateReplacement (System.Collections.Generic.Dictionary`2[System.Int32,HarmonyLib.CodeInstruction]& finalInstructions) [0x002be] in <255414689d344b1385ae719f6cce8c55>:0 
  at HarmonyLib.PatchFunctions.UpdateWrapper (System.Reflection.MethodBase original, HarmonyLib.PatchInfo patchInfo) [0x00057] in <255414689d344b1385ae719f6cce8c55>:0 
  at HarmonyLib.PatchClassProcessor.ProcessPatchJob (HarmonyLib.PatchJobs`1+Job[T] job) [0x000bb] in <255414689d344b1385ae719f6cce8c55>:0 
   --- End of inner exception stack trace ---
  at HarmonyLib.PatchClassProcessor.ReportException (System.Exception exception, System.Reflection.MethodBase original) [0x0010f] in <255414689d344b1385ae719f6cce8c55>:0 
  at HarmonyLib.PatchClassProcessor.Patch () [0x00093] in <255414689d344b1385ae719f6cce8c55>:0 
  at HarmonyLib.Harmony.<PatchAll>b__10_0 (System.Type type) [0x00007] in <255414689d344b1385ae719f6cce8c55>:0 
  at HarmonyLib.CollectionExtensions.Do[T] (System.Collections.Generic.IEnumerable`1[T] sequence, System.Action`1[T] action) [0x00014] in <255414689d344b1385ae719f6cce8c55>:0 
  at HarmonyLib.Harmony.PatchAll (System.Reflection.Assembly assembly) [0x00006] in <255414689d344b1385ae719f6cce8c55>:0 
  at CombatExtended.HarmonyCE.HarmonyBase.InitPatches () [0x0000b] in <911b9c73649b4f27bb5d0e02400f7acc>:0 
  at CombatExtended.Controller.PostLoad (Verse.ModContentPack content, CombatExtended.Loader.ISettingsCE settings) [0x00018] in <911b9c73649b4f27bb5d0e02400f7acc>:0 
  at CombatExtended.Loader.Loader..ctor (Verse.ModContentPack content) [0x002aa] in <aafec975e8e649878d6f932cac0ac630>:0 
  at (wrapper managed-to-native) System.Reflection.MonoCMethod.InternalInvoke(System.Reflection.MonoCMethod,object,object[],System.Exception&)
  at System.Reflection.MonoCMethod.InternalInvoke (System.Object obj, System.Object[] parameters) [0x00002] in <eae584ce26bc40229c1b1aa476bfa589>:0 
   --- End of inner exception stack trace ---
  at System.Reflection.MonoCMethod.InternalInvoke (System.Object obj, System.Object[] parameters) [0x00014] in <eae584ce26bc40229c1b1aa476bfa589>:0 
  at System.Reflection.MonoCMethod.DoInvoke (System.Object obj, System.Reflection.BindingFlags invokeAttr, System.Reflection.Binder binder, System.Object[] parameters, System.Globalization.CultureInfo culture) [0x0007a] in <eae584ce26bc40229c1b1aa476bfa589>:0 
  at System.Reflection.MonoCMethod.Invoke (System.Reflection.BindingFlags invokeAttr, System.Reflection.Binder binder, System.Object[] parameters, System.Globalization.CultureInfo culture) [0x00000] in <eae584ce26bc40229c1b1aa476bfa589>:0 
  at System.RuntimeType.CreateInstanceImpl (System.Reflection.BindingFlags bindingAttr, System.Reflection.Binder binder, System.Object[] args, System.Globalization.CultureInfo culture, System.Object[] activationAttributes, System.Threading.StackCrawlMark& stackMark) [0x00213] in <eae584ce26bc40229c1b1aa476bfa589>:0 
  at System.Activator.CreateInstance (System.Type type, System.Reflection.BindingFlags bindingAttr, System.Reflection.Binder binder, System.Object[] args, System.Globalization.CultureInfo culture, System.Object[] activationAttributes) [0x00095] in <eae584ce26bc40229c1b1aa476bfa589>:0 
  at System.Activator.CreateInstance (System.Type type, System.Object[] args) [0x00000] in <eae584ce26bc40229c1b1aa476bfa589>:0 
  at Verse.LoadedModManager.CreateModClasses () [0x00076] in <2a35adf0a6b2491888068e783d046a45>:0  
(Filename: C:\buildslave\unity\build\Runtime/Export/Debug/Debug.bindings.h Line: 39)

[Combat Extended - Start of stack trace]
Verse.PatchOperationRemove(xpath="/Defs/ThingDef[defName="UncompromisingTribalFaction_FireBow"]"): Failed to find a node with the given xpath
Verse.PatchOperationSequence: Error in the operation at position=1
Verse.PatchOperationFindMod([Fuu] Uncompromising Tribal Faction): Error in <match>
[End of stack trace]
The top operation is the one that failed, the ones below it are the parents
Source file: D:\Steam\steamapps\common\RimWorld\Mods\CombatExtended\Patches\Uncompromising Tribal Faction\PawnKindDefs_Neolithic.xml
 
(Filename: C:\buildslave\unity\build\Runtime/Export/Debug/Debug.bindings.h Line: 39)

[Combat Extended - Start of stack trace]
Verse.PatchOperationRemove(xpath="
            /Defs/ThingDef[
              defName = "VWE_Gun_Autocannon" or
              defName = "VWE_Gun_HandheldMortar" or
              defName = "VWE_Gun_HeavyFlamer" or
              defName = "VWE_Gun_SwarmMissileLauncher" or
              defName = "VWE_Gun_UraniumSlugRifle"
            ]/comps/li[compClass="CompOversizedWeapon.CompOversizedWeapon"]
          "): Failed to find a node with the given xpath
Verse.PatchOperationSequence: Error in the operation at position=2
Verse.PatchOperationFindMod(Vanilla Weapons Expanded - Heavy Weapons): Error in <match>
[End of stack trace]
The top operation is the one that failed, the ones below it are the parents
Source file: D:\Steam\steamapps\common\RimWorld\Mods\CombatExtended\Patches\Vanilla Weapons Expanded - Heavy Weapons\RangedIndustrialHeavy.xml
 
(Filename: C:\buildslave\unity\build\Runtime/Export/Debug/Debug.bindings.h Line: 39)

[Combat Extended: Shields - Start of stack trace]
Verse.PatchOperationReplace(xpath="/Defs/ThingDef[defName="Apparel_BallisticShield"]/graphicData/texPath"): Failed to find a node with the given xpath
[End of stack trace]
The top operation is the one that failed, the ones below it are the parents
Source file: D:\Steam\steamapps\workshop\content\294100\1586351220\Patches\Patch_CEShields.xml
 
(Filename: C:\buildslave\unity\build\Runtime/Export/Debug/Debug.bindings.h Line: 39)

LWM Deep Storage: activated compatibility patch for Combat Extended
LWM Deep Storage: activated compatibility patch for Dubs Bad Hygiene
XML error: <baseRecruitDifficulty>0.90</baseRecruitDifficulty> doesn't correspond to any field in type PawnKindDef. Context: <PawnKindDef ParentName="EliteSlasherBase"><race>Human</race><defaultFactionType>Pirate</defaultFactionType><chemicalAddictionChance>0.1</chemicalAddictionChance><invNutrition>2.55</invNutrition><itemQuality>Normal</itemQuality><backstoryCryptosleepCommonality>0.25</backstoryCryptosleepCommonality><maxGenerationAge>45</maxGenerationAge><combatEnhancingDrugsChance>0.80</combatEnhancingDrugsChance><combatEnhancingDrugsCount>1~2</combatEnhancingDrugsCount><biocodeWeaponChance>0.3</biocodeWeaponChance><techHediffsTags><li>WCE2_CrudeTorture</li><li>WCE2_OrganModifications</li><li>Advanced</li><li>ImplantEmpireCommon</li></techHediffsTags><combatPower>130</combatPower><gearHealthRange>1~1</gearHealthRange><apparelTags><li>IndustrialBasic</li><li>IndustrialAdvanced</li><li>IndustrialMilitaryBasic</li><li>IndustrialMilitaryAdvanced</li><li>SpacerMilitary</li><li>BeltDefensePop</li></apparelTags><apparelMoney>2500~3500</apparelMoney><apparelAllowHeadgearChance>0.9</apparelAllowHeadgearChance><weaponMoney><min>950</min><max>2000</max></weaponMoney><weaponTags><li>SpacerMelee</li></weaponTags><disallowedTraits><li>Brawler</li></disallowedTraits><techHediffsMoney>4000~9000</techHediffsMoney><techHediffsChance>0.35</techHediffsChance><initialWillRange>3~5</initialWillRange><skills><li><skill>Shooting</skill><range>6~14</range></li></skills><modExtensions><li Class="CombatExtended.LoadoutPropertiesExtension"><primaryMagazineCount><min>3</min><max>5</max></primaryMagazineCount><shieldMoney><min>1000</min><max>1600</max></shieldMoney><shieldTags><li>OutlanderShield</li></shieldTags><shieldChance>0.9</shieldChance><sidearms><li><sidearmMoney><min>400</min><max>800</max></sidearmMoney><weaponTags><li>CE_Sidearm_Melee</li></weaponTags></li></sidearms></li></modExtensions><specificApparelRequirements><li><bodyPartGroup>Waist</bodyPartGroup><apparelLayer>Belt</apparelLayer><alternateTagChoices><li><tag>VAEA_AmmoPack</tag><chance>0.1</chance></li></alternateTagChoices></li><li><bodyPartGroup>Waist</bodyPartGroup><apparelLayer>Belt</apparelLayer><alternateTagChoices><li><tag>VAEA_AmmoPack</tag><chance>0.1</chance></li></alternateTagChoices></li></specificApparelRequirements><initialResistanceRange>15~30</initialResistanceRange><apparelRequired><li>Apparel_ShieldBelt</li></apparelRequired><defName>PirateSlasherBoss</defName><label>slasher boss</label><labelPlural>slasher bosses</labelPlural><factionLeader>true</factionLeader><baseRecruitDifficulty>0.90</baseRecruitDifficulty><inventoryOptions><skipChance>0.8</skipChance><subOptionsChooseOne><li><thingDef>Silver</thingDef><countRange><min>50</min><max>200</max></countRange></li></subOptionsChooseOne></inventoryOptions></PawnKindDef> 
(Filename: C:\buildslave\unity\build\Runtime/Export/Debug/Debug.bindings.h Line: 39)

XML error: <unspawnedCanDo>false</unspawnedCanDo> doesn't correspond to any field in type MentalStateDef. Context: <MentalStateDef ParentName="BaseMentalState"><minTicksBeforeRecovery>3500</minTicksBeforeRecovery><recoveryMtbDays>0.4</recoveryMtbDays><defName>WanderConfusedCore</defName><label>confused wandering</label><stateClass>MentalState_WanderConfused</stateClass><category>Misc</category><blockNormalThoughts>true</blockNormalThoughts><nameColor>(0.65, 0.9, 0.93)</nameColor><beginLetterLabel>confusion</beginLetterLabel><beginLetter>{0}'s mind is being flooded with terrible pictures and sounds by the AI persona core.</beginLetter><beginLetterDef>NegativeEvent</beginLetterDef><recoveryMessage>{0}'s AI persona core has been contained.</recoveryMessage><baseInspectLine>Mental state: Confused and wandering</baseInspectLine><unspawnedCanDo>false</unspawnedCanDo></MentalStateDef> 
(Filename: C:\buildslave\unity\build\Runtime/Export/Debug/Debug.bindings.h Line: 39)

XML error: <unspawnedCanDo>false</unspawnedCanDo> doesn't correspond to any field in type MentalStateDef. Context: <MentalStateDef ParentName="BaseMentalState"><minTicksBeforeRecovery>3000</minTicksBeforeRecovery><recoveryMtbDays>0.17</recoveryMtbDays><defName>BerserkCore</defName><stateClass>MentalState_Manhunter</stateClass><label>AI takeover</label><category>Aggro</category><nameColor>(0.9,0.2,0.5)</nameColor><beginLetter>{0}'s AI persona core has assumed direct control!\n\n[PAWN_pronoun] will attack anyone [PAWN_pronoun] sees.</beginLetter><beginLetterDef>ThreatBig</beginLetterDef><recoveryMessage>{0}'s AI persona core has been contained.</recoveryMessage><baseInspectLine>Mental state: AI takeover</baseInspectLine><moodRecoveryThought>CoreDepression</moodRecoveryThought><unspawnedCanDo>false</unspawnedCanDo></MentalStateDef> 
(Filename: C:\buildslave\unity\build\Runtime/Export/Debug/Debug.bindings.h Line: 39)

Could not find type named StockGenerator_Clothes from node <li Class="StockGenerator_Clothes"><countRange>10~20</countRange></li> 
(Filename: C:\buildslave\unity\build\Runtime/Export/Debug/Debug.bindings.h Line: 39)

Exception loading list element RimWorld.StockGenerator from XML: System.MissingMethodException: Default constructor not found for type RimWorld.StockGenerator
  at System.RuntimeType.CreateInstanceMono (System.Boolean nonPublic) [0x0007b] in <eae584ce26bc40229c1b1aa476bfa589>:0 
  at System.RuntimeType.CreateInstanceSlow (System.Boolean publicOnly, System.Boolean skipCheckThis, System.Boolean fillCache, System.Threading.StackCrawlMark& stackMark) [0x00009] in <eae584ce26bc40229c1b1aa476bfa589>:0 
  at System.RuntimeType.CreateInstanceDefaultCtor (System.Boolean publicOnly, System.Boolean skipCheckThis, System.Boolean fillCache, System.Threading.StackCrawlMark& stackMark) [0x00027] in <eae584ce26bc40229c1b1aa476bfa589>:0 
  at System.Activator.CreateInstance (System.Type type, System.Boolean nonPublic) [0x00020] in <eae584ce26bc40229c1b1aa476bfa589>:0 
  at System.Activator.CreateInstance (System.Type type) [0x00000] in <eae584ce26bc40229c1b1aa476bfa589>:0 
  at XmlExtensions.CustomXmlLoader.ObjectFromXml[T] (System.Xml.XmlNode xmlRoot, System.Boolean doPostLoad, System.Xml.XmlNode fullRoot, System.String nameOfDef) [0x005ad] in <9844f9a1567b4851a1955d85c7c9ece7>:0 
  at XmlExtensions.CustomXmlLoader.ListFromXml[T] (System.Xml.XmlNode listRootNode, System.Xml.XmlNode fullRoot, System.String nameOfDef) [0x001a1] in <9844f9a1567b4851a1955d85c7c9ece7>:0 
XML:
<stockGenerators><li Class="StockGenerator_SingleDef"><thingDef>Silver</thingDef><countRange>2000~4000</countRange></li><li Class="StockGenerator_Clothes"><countRange>10~20</countRange></li><li Class="StockGenerator_Category"><categoryDef>Textiles</categoryDef><thingDefCountRange>50~300</thingDefCountRange><totalPriceRange>2200~4000</totalPriceRange></li><li Class="StockGenerator_SingleDef"><thingDef>Hyperweave</thingDef><countRange>10~60</countRange></li></stockGenerators> 
(Filename: C:\buildslave\unity\build\Runtime/Export/Debug/Debug.bindings.h Line: 39)

Could not find a type named FortificationFacilityCE.JobDriver_EnterBunkerFacility 
(Filename: C:\buildslave\unity\build\Runtime/Export/Debug/Debug.bindings.h Line: 39)

XML error: <blockTurretTracking>true</blockTurretTracking> doesn't correspond to any field in type GasProperties. Context: <gas><expireSeconds>32~36</expireSeconds><blockTurretTracking>true</blockTurretTracking><accuracyPenalty>0.5</accuracyPenalty><rotationSpeed>12</rotationSpeed></gas> 
(Filename: C:\buildslave\unity\build\Runtime/Export/Debug/Debug.bindings.h Line: 39)

XML error: <accuracyPenalty>0.5</accuracyPenalty> doesn't correspond to any field in type GasProperties. Context: <gas><expireSeconds>32~36</expireSeconds><blockTurretTracking>true</blockTurretTracking><accuracyPenalty>0.5</accuracyPenalty><rotationSpeed>12</rotationSpeed></gas> 
(Filename: C:\buildslave\unity\build\Runtime/Export/Debug/Debug.bindings.h Line: 39)

XML error: <blockTurretTracking>true</blockTurretTracking> doesn't correspond to any field in type GasProperties. Context: <gas><expireSeconds>24~27</expireSeconds><blockTurretTracking>true</blockTurretTracking><accuracyPenalty>0.7</accuracyPenalty><rotationSpeed>10</rotationSpeed></gas> 
(Filename: C:\buildslave\unity\build\Runtime/Export/Debug/Debug.bindings.h Line: 39)

XML error: <accuracyPenalty>0.7</accuracyPenalty> doesn't correspond to any field in type GasProperties. Context: <gas><expireSeconds>24~27</expireSeconds><blockTurretTracking>true</blockTurretTracking><accuracyPenalty>0.7</accuracyPenalty><rotationSpeed>10</rotationSpeed></gas> 
(Filename: C:\buildslave\unity\build\Runtime/Export/Debug/Debug.bindings.h Line: 39)

[Combat Extended] Patch operation Verse.PatchOperationFindMod([Fuu] Uncompromising Tribal Faction) failed
file: D:\Steam\steamapps\common\RimWorld\Mods\CombatExtended\Patches\Uncompromising Tribal Faction\PawnKindDefs_Neolithic.xml 
(Filename: C:\buildslave\unity\build\Runtime/Export/Debug/Debug.bindings.h Line: 39)

[Combat Extended] Patch operation Verse.PatchOperationFindMod(Vanilla Weapons Expanded - Heavy Weapons) failed
file: D:\Steam\steamapps\common\RimWorld\Mods\CombatExtended\Patches\Vanilla Weapons Expanded - Heavy Weapons\RangedIndustrialHeavy.xml 
(Filename: C:\buildslave\unity\build\Runtime/Export/Debug/Debug.bindings.h Line: 39)

[Combat Extended: Shields] Patch operation Verse.PatchOperationReplace(/Defs/ThingDef[defName="Apparel_BallisticShield"]/graphicData/texPath) failed
file: D:\Steam\steamapps\workshop\content\294100\1586351220\Patches\Patch_CEShields.xml 
(Filename: C:\buildslave\unity\build\Runtime/Export/Debug/Debug.bindings.h Line: 39)

Could not resolve cross-reference: No Verse.SoundDef named Interact_Pistol found to give to Verse.ThingDef SD_Wkp (using undefined sound instead) 
(Filename: C:\buildslave\unity\build\Runtime/Export/Debug/Debug.bindings.h Line: 39)

Could not resolve cross-reference to Verse.ThingDef named Apparel_ImprovGasMask (wanter=blackApparelList) 
(Filename: C:\buildslave\unity\build\Runtime/Export/Debug/Debug.bindings.h Line: 39)

Could not resolve cross-reference: No RimWorld.StatDef named ToxicSensitivity found to give to Verse.DamageDefAdditionalHediff Verse.DamageDefAdditionalHediff 
(Filename: C:\buildslave\unity\build\Runtime/Export/Debug/Debug.bindings.h Line: 39)

Could not resolve cross-reference: No Verse.ThingDef named Gas_Smoke found to give to RimWorld.CompProperties_Explosive RimWorld.CompProperties_Explosive 
(Filename: C:\buildslave\unity\build\Runtime/Export/Debug/Debug.bindings.h Line: 39)

Could not resolve cross-reference: No Verse.ThingDef named Gas_Smoke found to give to RimWorld.CompProperties_Explosive RimWorld.CompProperties_Explosive 
(Filename: C:\buildslave\unity\build\Runtime/Export/Debug/Debug.bindings.h Line: 39)

Could not resolve cross-reference: No CombatExtended.AmmoSetDef named AmmoSet_127x55mmAR found to give to CombatExtended.CompProperties_AmmoUser CombatExtended.CompProperties_AmmoUser 
(Filename: C:\buildslave\unity\build\Runtime/Export/Debug/Debug.bindings.h Line: 39)

Could not resolve cross-reference: No RimWorld.ResearchTabDef named CE_Turrets found to give to Verse.ResearchProjectDef TC_MissileTech 
(Filename: C:\buildslave\unity\build\Runtime/Export/Debug/Debug.bindings.h Line: 39)

Could not resolve cross-reference: No RimWorld.ResearchTabDef named CE_Turrets found to give to Verse.ResearchProjectDef TC_AdvancedNavalTurret 
(Filename: C:\buildslave\unity\build\Runtime/Export/Debug/Debug.bindings.h Line: 39)

Could not resolve cross-reference: No Verse.ThingDef named Gas_Smoke found to give to CombatExtended.ProjectilePropertiesCE CombatExtended.ProjectilePropertiesCE 
(Filename: C:\buildslave\unity\build\Runtime/Export/Debug/Debug.bindings.h Line: 39)

Could not resolve cross-reference: No Verse.ThingDef named Gas_Smoke found to give to CombatExtended.ProjectilePropertiesCE CombatExtended.ProjectilePropertiesCE 
(Filename: C:\buildslave\unity\build\Runtime/Export/Debug/Debug.bindings.h Line: 39)

Could not resolve cross-reference: No RimWorld.StatDef named ToxicSensitivity found to give to Verse.DamageDefAdditionalHediff Verse.DamageDefAdditionalHediff 
(Filename: C:\buildslave\unity\build\Runtime/Export/Debug/Debug.bindings.h Line: 39)

Could not resolve cross-reference: No RimWorld.ResearchTabDef named CE_Turrets found to give to Verse.ResearchProjectDef TC_AdvancedMultiPurpose 
(Filename: C:\buildslave\unity\build\Runtime/Export/Debug/Debug.bindings.h Line: 39)

Could not resolve cross-reference: No Verse.ThingDef named Bullet_127x55mmAR_FMJ found to give to CombatExtended.VerbPropertiesCE VerbProperties(ASh-12) 
(Filename: C:\buildslave\unity\build\Runtime/Export/Debug/Debug.bindings.h Line: 39)

Could not resolve cross-reference: No RimWorld.ResearchTabDef named CE_Turrets found to give to Verse.ResearchProjectDef TC_HeavyArtillery 
(Filename: C:\buildslave\unity\build\Runtime/Export/Debug/Debug.bindings.h Line: 39)

Could not resolve cross-reference: No RimWorld.StatDef named ToxicSensitivity found to give to Verse.DamageDefAdditionalHediff Verse.DamageDefAdditionalHediff 
(Filename: C:\buildslave\unity\build\Runtime/Export/Debug/Debug.bindings.h Line: 39)

Could not resolve cross-reference: No RimWorld.ResearchTabDef named CE_Turrets found to give to Verse.ResearchProjectDef TC_PrecisionGuidanceKit 
(Filename: C:\buildslave\unity\build\Runtime/Export/Debug/Debug.bindings.h Line: 39)

<color=orange>[OskarObnoxious]</color> version 1.4.0
Config error in VWE_Throwing_Shards: is smeltable but does not give anything for smelting. 
(Filename: C:\buildslave\unity\build\Runtime/Export/Debug/Debug.bindings.h Line: 39)

Config error in CE_Melee_WraithBlade: is smeltable but does not give anything for smelting. 
(Filename: C:\buildslave\unity\build\Runtime/Export/Debug/Debug.bindings.h Line: 39)

Config error in CE_Melee_WraithBlade: is smeltable but does not give anything for smelting. 
(Filename: C:\buildslave\unity\build\Runtime/Export/Debug/Debug.bindings.h Line: 39)

Config error in VWE_Throwing_Shards: is smeltable but does not give anything for smelting. 
(Filename: C:\buildslave\unity\build\Runtime/Export/Debug/Debug.bindings.h Line: 39)

Config error in VWE_Throwing_Shards: is smeltable but does not give anything for smelting. 
(Filename: C:\buildslave\unity\build\Runtime/Export/Debug/Debug.bindings.h Line: 39)

Key binding conflict: MainTab_MedicalTab and Misc7 are both bound to M. 
(Filename: C:\buildslave\unity\build\Runtime/Export/Debug/Debug.bindings.h Line: 39)

Key binding conflict: Misc7 and MainTab_MedicalTab are both bound to M. 
(Filename: C:\buildslave\unity\build\Runtime/Export/Debug/Debug.bindings.h Line: 39)

d3d11: failed to create 2D texture id=6537 width=2 height=2 mips=3 dxgifmt=28 [D3D error was 80070057]
 
(Filename:  Line: 587)

d3d11: failed to create 2D texture shader resource view id=6537 [D3D error was 80070057]
 
(Filename:  Line: 537)

d3d11: failed to create 2D texture id=6675 width=2 height=2 mips=3 dxgifmt=28 [D3D error was 80070057]
 
(Filename:  Line: 587)

d3d11: failed to create 2D texture shader resource view id=6675 [D3D error was 80070057]
 
(Filename:  Line: 537)

Mod RimPy Mod Manager Database did not load any content. Following load folders were used:
  - D:\Steam\steamapps\workshop\content\294100\1847679158 
(Filename: C:\buildslave\unity\build\Runtime/Export/Debug/Debug.bindings.h Line: 39)

[Vanilla Furniture Expanded - Architect] Activating Replace Stuff compatibility patch
Texture Gambeson has dimensions of 128 x 128, but its mask has 256 x 256. This is not supported, texture will be excluded from atlas 
(Filename: C:\buildslave\unity\build\Runtime/Export/Debug/Debug.bindings.h Line: 39)

Could not load UnityEngine.Texture2D at UI/commands/GR_Orbital in any active mod or in base resources. 
(Filename: C:\buildslave\unity\build\Runtime/Export/Debug/Debug.bindings.h Line: 39)

Could not load UnityEngine.Texture2D at UI/commands/GR_SetTrap in any active mod or in base resources. 
(Filename: C:\buildslave\unity\build\Runtime/Export/Debug/Debug.bindings.h Line: 39)

Could not load UnityEngine.Texture2D at UI/commands/GR_MechaBlast in any active mod or in base resources. 
(Filename: C:\buildslave\unity\build\Runtime/Export/Debug/Debug.bindings.h Line: 39)

Could not load UnityEngine.Texture2D at UI/commands/GR_PoisonousCloud in any active mod or in base resources. 
(Filename: C:\buildslave\unity\build\Runtime/Export/Debug/Debug.bindings.h Line: 39)

Could not load UnityEngine.Texture2D at UI/commands/GR_AdrenalineBurst in any active mod or in base resources. 
(Filename: C:\buildslave\unity\build\Runtime/Export/Debug/Debug.bindings.h Line: 39)

Could not load UnityEngine.Texture2D at UI/commands/GR_CatReflexes in any active mod or in base resources. 
(Filename: C:\buildslave\unity\build\Runtime/Export/Debug/Debug.bindings.h Line: 39)

Could not load UnityEngine.Texture2D at UI/commands/GR_Insectclouds in any active mod or in base resources. 
(Filename: C:\buildslave\unity\build\Runtime/Export/Debug/Debug.bindings.h Line: 39)

Could not load UnityEngine.Texture2D at UI/commands/GR_StampedeClouds in any active mod or in base resources. 
(Filename: C:\buildslave\unity\build\Runtime/Export/Debug/Debug.bindings.h Line: 39)

Could not load UnityEngine.Texture2D at UI/commands/GR_KeenSenses in any active mod or in base resources. 
(Filename: C:\buildslave\unity\build\Runtime/Export/Debug/Debug.bindings.h Line: 39)

Could not load UnityEngine.Texture2D at UI/commands/GR_PackTactics in any active mod or in base resources. 
(Filename: C:\buildslave\unity\build\Runtime/Export/Debug/Debug.bindings.h Line: 39)

Could not load UnityEngine.Texture2D at UI/commands/GR_Microscope in any active mod or in base resources. 
(Filename: C:\buildslave\unity\build\Runtime/Export/Debug/Debug.bindings.h Line: 39)

Could not load UnityEngine.Texture2D at UI/commands/GR_Pounce in any active mod or in base resources. 
(Filename: C:\buildslave\unity\build\Runtime/Export/Debug/Debug.bindings.h Line: 39)

Could not load UnityEngine.Texture2D at UI/commands/GR_StraightCharge in any active mod or in base resources. 
(Filename: C:\buildslave\unity\build\Runtime/Export/Debug/Debug.bindings.h Line: 39)

Translation data for language English has 26 errors. Generate translation report for more info. 
(Filename: C:\buildslave\unity\build\Runtime/Export/Debug/Debug.bindings.h Line: 39)

Could not execute post-long-event action. Exception: System.MissingMethodException: System.Collections.Generic.IEnumerable`1<System.Type> Verse.GenTypes.AllTypesWithAttribute<!0>()
  at (wrapper dynamic-method) Verse.StaticConstructorOnStartupUtility.Verse.StaticConstructorOnStartupUtility.CallAll_Patch3()
  at Verse.PlayDataLoader+<>c.<DoPlayLoad>b__4_5 () [0x0000a] in <2a35adf0a6b2491888068e783d046a45>:0 
  at Verse.LongEventHandler.ExecuteToExecuteWhenFinished () [0x0007c] in <2a35adf0a6b2491888068e783d046a45>:0  
(Filename: C:\buildslave\unity\build\Runtime/Export/Debug/Debug.bindings.h Line: 39)

MVCF successfully applied 49 patches
CharacterEditor v1.4.1108 initializing...
updating labels for english...
loading/updating slots...
loading/updating customs...
character editor instance created
allowing apparel to be colorable...
checking editor settings...
CharacterEditor v1.4.1108 ...done
Texture Gambeson has dimensions of 128 x 128, but its mask has 256 x 256. This is not supported, texture will be excluded from atlas 
(Filename: C:\buildslave\unity\build\Runtime/Export/Debug/Debug.bindings.h Line: 39)

[AllowTool] Applied compatibility patch for "Pick Up And Haul"
[Permeable Terrain] The following terrains have been defined as being permeable:
 - straw matting
 - soil
 - lichen-covered soil
 - marshy soil
 - rich soil
 - stony soil
 - sand
 - soft sand
 - mud
 - Ice
 - packed dirt
 - marsh
 - grass
 - lawn plot
 - soil
 - soil
 - soil
 - vulcanic rock
 - sand
 - depleted soil
 - rubble
 - lichen-covered depleted soil
 - depleted gravel
 - moss-covered soil
 - sentient soil
 - enchanted soil
 - cracked soil
 - sand
 - toxic waste
 - soil
 - tilled soil
 - tilled soil
  --> [What's That Mod] Took 2.60 seconds to scan all patches. <--
What's That Mod: Wrote to 10230 mod descriptions, 241 patched defs resolved.
What's That Mod took 2641 milliseconds to generate all def descriptions.
ROCKETMAN: RocketMan settings are stored in <color=red>C:\Users\micha\AppData\LocalLow\Ludeon Studios\RimWorld by Ludeon Studios\RocketMan\Mod_2479389928_RocketMod.xml</color>
Could not load reference to Verse.JobDef named VFEM_EquipShield 
(Filename: C:\buildslave\unity\build\Runtime/Export/Debug/Debug.bindings.h Line: 39)

Could not load reference to Verse.JobDef named VFEM_DigTerrain 
(Filename: C:\buildslave\unity\build\Runtime/Export/Debug/Debug.bindings.h Line: 39)

Could not load reference to Verse.JobDef named VFEM_FillTerrain 
(Filename: C:\buildslave\unity\build\Runtime/Export/Debug/Debug.bindings.h Line: 39)

Could not load reference to Verse.JobDef named VFEM_Play_Archery 
(Filename: C:\buildslave\unity\build\Runtime/Export/Debug/Debug.bindings.h Line: 39)

ROCKETMAN: Defs loaded!
ROCKETMAN: Patched KeyBinder!
PROTON: Patching finished
SOYUZ: Patching finished
ROCKETMAN: XMLParser started
ROCKETRULES: IgnoreMeRule for OskarPotocki.VFE.Mechanoid
ROCKETRULES: IgnoreMeRule for Alaestor.MiscRobots.PlusPlus
ROCKETRULES: IgnoreMeRule for Haplo.Miscellaneous.Robots
ROCKETRULES: IgnoreMeRule for ChJees.Androids
ROCKETRULES: IgnoreMeRule for automatic.autocleaner
ROCKETRULES: IgnoreMeRule for neronix17.mechadroids
ROCKETRULES: IgnoreMeRule for neronix17.outerrim.galaxies
ROCKETRULES: IgnoreMeRule for spdskatr.projectrimfactory.drones
ROCKETRULES: IgnoreMeRule for spdskatr.projectrimfactory.legacy
ROCKETRULES: IgnoreMeRule for spdskatr.projectrimfactory
[0.002047 seconds] ROCKETMAN: <color=red>IgnoreMe report</color>
ROCKETRULES: IgnoreMe add def by name: VPE_SteelConstruct
ROCKETRULES: IgnoreMe add def by name: VPE_RockConstruct
Loaded file (Scenario) is from version 1.3.3117 rev669, we are running version 1.4.3537 rev246. 
(Filename: C:\buildslave\unity\build\Runtime/Export/Debug/Debug.bindings.h Line: 39)

Loaded file (Scenario) is from version 1.3.3117 rev669, we are running version 1.4.3537 rev246. 
(Filename: C:\buildslave\unity\build\Runtime/Export/Debug/Debug.bindings.h Line: 39)

Loaded file (Scenario) is from version 1.2.2900 rev837, we are running version 1.4.3537 rev246. 
(Filename: C:\buildslave\unity\build\Runtime/Export/Debug/Debug.bindings.h Line: 39)

Loaded file (Scenario) is from version 1.0.2408 rev747, we are running version 1.4.3537 rev246. 
(Filename: C:\buildslave\unity\build\Runtime/Export/Debug/Debug.bindings.h Line: 39)

Some ScenParts had null defs. 
(Filename: C:\buildslave\unity\build\Runtime/Export/Debug/Debug.bindings.h Line: 39)

Loaded file (Scenario) is from version 1.0.2282 rev726, we are running version 1.4.3537 rev246. 
(Filename: C:\buildslave\unity\build\Runtime/Export/Debug/Debug.bindings.h Line: 39)

Loaded file (Scenario) is from version 1.0.2059 rev1005, we are running version 1.4.3537 rev246. 
(Filename: C:\buildslave\unity\build\Runtime/Export/Debug/Debug.bindings.h Line: 39)

Some ScenParts had null defs. 
(Filename: C:\buildslave\unity\build\Runtime/Export/Debug/Debug.bindings.h Line: 39)

Loaded file (Scenario) is from version 1.0.2150 rev801, we are running version 1.4.3537 rev246. 
(Filename: C:\buildslave\unity\build\Runtime/Export/Debug/Debug.bindings.h Line: 39)

Loaded file (Scenario) is from version 1.0.2096 rev473, we are running version 1.4.3537 rev246. 
(Filename: C:\buildslave\unity\build\Runtime/Export/Debug/Debug.bindings.h Line: 39)

Loaded file (Scenario) is from version 1.0.2282 rev726, we are running version 1.4.3537 rev246. 
(Filename: C:\buildslave\unity\build\Runtime/Export/Debug/Debug.bindings.h Line: 39)

Could not load reference to RimWorld.IncidentDef named RaidOnArrivalSW 
(Filename: C:\buildslave\unity\build\Runtime/Export/Debug/Debug.bindings.h Line: 39)

ScenPart has null incident after loading. Changing to Eclipse 
(Filename: C:\buildslave\unity\build\Runtime/Export/Debug/Debug.bindings.h Line: 39)

Some ScenParts had null defs. 
(Filename: C:\buildslave\unity\build\Runtime/Export/Debug/Debug.bindings.h Line: 39)

Loaded file (Scenario) is from version 1.0.2059 rev1005, we are running version 1.4.3537 rev246. 
(Filename: C:\buildslave\unity\build\Runtime/Export/Debug/Debug.bindings.h Line: 39)

Some ScenParts had null defs. 
(Filename: C:\buildslave\unity\build\Runtime/Export/Debug/Debug.bindings.h Line: 39)

Tried to get a resource "UI/Overlays/ThingLine" from a different thread. All resources must be loaded in the main thread. 
(Filename: C:\buildslave\unity\build\Runtime/Export/Debug/Debug.bindings.h Line: 39)

Tried to get a material from a different thread. 
(Filename: C:\buildslave\unity\build\Runtime/Export/Debug/Debug.bindings.h Line: 39)

Tried to get a resource "UI/Overlays/ThingLine" from a different thread. All resources must be loaded in the main thread. 
(Filename: C:\buildslave\unity\build\Runtime/Export/Debug/Debug.bindings.h Line: 39)

Tried to get a material from a different thread. 
(Filename: C:\buildslave\unity\build\Runtime/Export/Debug/Debug.bindings.h Line: 39)

RandomElementByWeight with totalWeight=0 - use TryRandomElementByWeight. 
(Filename: C:\buildslave\unity\build\Runtime/Export/Debug/Debug.bindings.h Line: 39)

Error while generating pawn. Rethrowing. Exception: System.NullReferenceException: Object reference not set to an instance of an object
  at CombatExtended.LoadoutPropertiesExtension.TryGenerateWeaponWithAmmoFor (Verse.Pawn pawn, CombatExtended.CompInventory inventory, CombatExtended.SidearmOption option) [0x00111] in <911b9c73649b4f27bb5d0e02400f7acc>:0 
  at CombatExtended.LoadoutPropertiesExtension.GenerateLoadoutFor (Verse.Pawn pawn) [0x0013e] in <911b9c73649b4f27bb5d0e02400f7acc>:0 
  at CombatExtended.HarmonyCE.Harmony_PawnInventoryGenerator_GenerateInventoryFor.Postfix (Verse.Pawn p, Verse.PawnGenerationRequest request) [0x00016] in <911b9c73649b4f27bb5d0e02400f7acc>:0 
  at (wrapper dynamic-method) RimWorld.PawnInventoryGenerator.RimWorld.PawnInventoryGenerator.GenerateInventoryFor_Patch2(Verse.Pawn,Verse.PawnGenerationRequest)
  at (wrapper dynamic-method) Verse.PawnGenerator.Verse.PawnGenerator.GenerateGearFor_Patch1(Verse.Pawn,Verse.PawnGenerationRequest)
  at Verse.PawnGenerator.TryGenerateNewPawnInternal (Verse.PawnGenerationRequest& request, System.String& error, System.Boolean ignoreScenarioRequirements, System.Boolean ignoreValidator) [0x009d4] in <2a35adf0a6b2491888068e783d046a45>:0 
  at (wrapper dynamic-method) Verse.PawnGenerator.Verse.PawnGenerator.GenerateNewPawnInternal_Patch1(Verse.PawnGenerationRequest&)
  at Verse.PawnGenerator.GenerateOrRedressPawnInternal (Verse.PawnGenerationRequest request) [0x00188] in <2a35adf0a6b2491888068e783d046a45>:0 
  at Verse.PawnGenerator.GeneratePawn (Verse.PawnGenerationRequest request) [0x00007] in <2a35adf0a6b2491888068e783d046a45>:0  
(Filename: C:\buildslave\unity\build\Runtime/Export/Debug/Debug.bindings.h Line: 39)

Error in WorldGenStep: System.NullReferenceException: Object reference not set to an instance of an object
  at CombatExtended.LoadoutPropertiesExtension.TryGenerateWeaponWithAmmoFor (Verse.Pawn pawn, CombatExtended.CompInventory inventory, CombatExtended.SidearmOption option) [0x00111] in <911b9c73649b4f27bb5d0e02400f7acc>:0 
  at CombatExtended.LoadoutPropertiesExtension.GenerateLoadoutFor (Verse.Pawn pawn) [0x0013e] in <911b9c73649b4f27bb5d0e02400f7acc>:0 
  at CombatExtended.HarmonyCE.Harmony_PawnInventoryGenerator_GenerateInventoryFor.Postfix (Verse.Pawn p, Verse.PawnGenerationRequest request) [0x00016] in <911b9c73649b4f27bb5d0e02400f7acc>:0 
  at (wrapper dynamic-method) RimWorld.PawnInventoryGenerator.RimWorld.PawnInventoryGenerator.GenerateInventoryFor_Patch2(Verse.Pawn,Verse.PawnGenerationRequest)
  at (wrapper dynamic-method) Verse.PawnGenerator.Verse.PawnGenerator.GenerateGearFor_Patch1(Verse.Pawn,Verse.PawnGenerationRequest)
  at Verse.PawnGenerator.TryGenerateNewPawnInternal (Verse.PawnGenerationRequest& request, System.String& error, System.Boolean ignoreScenarioRequirements, System.Boolean ignoreValidator) [0x009d4] in <2a35adf0a6b2491888068e783d046a45>:0 
  at (wrapper dynamic-method) Verse.PawnGenerator.Verse.PawnGenerator.GenerateNewPawnInternal_Patch1(Verse.PawnGenerationRequest&)
  at Verse.PawnGenerator.GenerateOrRedressPawnInternal (Verse.PawnGenerationRequest request) [0x00188] in <2a35adf0a6b2491888068e783d046a45>:0 
  at Verse.PawnGenerator.GeneratePawn (Verse.PawnGenerationRequest request) [0x00172] in <2a35adf0a6b2491888068e783d046a45>:0 
  at RimWorld.Faction.TryGenerateNewLeader () [0x00254] in <2a35adf0a6b2491888068e783d046a45>:0 
  at RimWorld.FactionGenerator.NewGeneratedFaction (RimWorld.FactionGeneratorParms parms) [0x001f0] in <2a35adf0a6b2491888068e783d046a45>:0 
  at RimWorld.FactionGenerator.GenerateFactionsIntoWorld (System.Collections.Generic.List`1[T] factions) [0x00032] in <2a35adf0a6b2491888068e783d046a45>:0 
  at RimWorld.Planet.WorldGenStep_Factions.GenerateFresh (System.String seed) [0x00005] in <2a35adf0a6b2491888068e783d046a45>:0 
  at RimWorld.Planet.WorldGenerator.GenerateWorld (System.Single planetCoverage, System.String seedString, RimWorld.Planet.OverallRainfall overallRainfall, RimWorld.Planet.OverallTemperature overallTemperature, RimWorld.Planet.OverallPopulation population, System.Collections.Generic.List`1[T] factions, System.Single pollution) [0x0010e] in <2a35adf0a6b2491888068e783d046a45>:0  
(Filename: C:\buildslave\unity\build\Runtime/Export/Debug/Debug.bindings.h Line: 39)

System.NullReferenceException: Object reference not set to an instance of an object
  at VFECore.FactionGoodwillModifier.FinalizeInit () [0x00007] in <fb2b750a7cd549cfb036b19843a6a810>:0 
  at (wrapper dynamic-method) RimWorld.Planet.WorldComponentUtility.RimWorld.Planet.WorldComponentUtility.FinalizeInit_Patch1(RimWorld.Planet.World) 
(Filename: C:\buildslave\unity\build\Runtime/Export/Debug/Debug.bindings.h Line: 39)

Unloading 5 Unused Serialized files (Serialized files now loaded: 4)

Unloading 571 unused Assets to reduce memory usage. Loaded Objects now: 47527.
Total: 1782.135100 ms (FindLiveObjects: 3.049600 ms CreateObjectMapping: 1.632900 ms MarkObjects: 1776.635400 ms  DeleteObjects: 0.816800 ms)

Setting up 12 worker threads for Enlighten.
  Thread -> id: 8c40 -> priority: 1 
  Thread -> id: 794c -> priority: 1 
  Thread -> id: 338 -> priority: 1 
  Thread -> id: 7754 -> priority: 1 
  Thread -> id: 6534 -> priority: 1 
  Thread -> id: 8cec -> priority: 1 
  Thread -> id: 7488 -> priority: 1 
  Thread -> id: 667c -> priority: 1 
  Thread -> id: 9338 -> priority: 1 
  Thread -> id: 93e4 -> priority: 1 
  Thread -> id: 2a7c -> priority: 1 
  Thread -> id: 932c -> priority: 1 
